Using pre-set license
Built from '2021.3/staging' branch; Version is '2021.3.3f1 (af2e63e8f9bd) revision 11480675'; Using compiler version '192829333'; Build Type 'Release'
OS: 'Windows 10  (10.0.19043) 64bit Core' Language: 'en' Physical Memory: 16298 MB
BatchMode: 1, IsHumanControllingUs: 0, StartBugReporterOnCrash: 0, Is64bit: 1, IsPro: 1

COMMAND LINE ARGUMENTS:
F:\Unity\Unity Editor\2021.3.3f1\Editor\Unity.exe
-adb2
-batchMode
-noUpm
-name
AssetImportWorker0
-projectPath
F:/Unity/Tutorials/OOP-Demo/OOP Demo
-logFile
Logs/AssetImportWorker0.log
-srvPort
64586
Successfully changed project path to: F:/Unity/Tutorials/OOP-Demo/OOP Demo
F:/Unity/Tutorials/OOP-Demo/OOP Demo
[UnityMemory] Configuration Parameters - Can be set up in boot.config
    "memorysetup-bucket-allocator-granularity=16"
    "memorysetup-bucket-allocator-bucket-count=8"
    "memorysetup-bucket-allocator-block-size=33554432"
    "memorysetup-bucket-allocator-block-count=8"
    "memorysetup-main-allocator-block-size=16777216"
    "memorysetup-thread-allocator-block-size=16777216"
    "memorysetup-gfx-main-allocator-block-size=16777216"
    "memorysetup-gfx-thread-allocator-block-size=16777216"
    "memorysetup-cache-allocator-block-size=4194304"
    "memorysetup-typetree-allocator-block-size=2097152"
    "memorysetup-profiler-bucket-allocator-granularity=16"
    "memorysetup-profiler-bucket-allocator-bucket-count=8"
    "memorysetup-profiler-bucket-allocator-block-size=33554432"
    "memorysetup-profiler-bucket-allocator-block-count=8"
    "memorysetup-profiler-allocator-block-size=16777216"
    "memorysetup-profiler-editor-allocator-block-size=1048576"
    "memorysetup-temp-allocator-size-main=16777216"
    "memorysetup-job-temp-allocator-block-size=2097152"
    "memorysetup-job-temp-allocator-block-size-background=1048576"
    "memorysetup-job-temp-allocator-reduction-small-platforms=262144"
    "memorysetup-temp-allocator-size-background-worker=32768"
    "memorysetup-temp-allocator-size-job-worker=262144"
    "memorysetup-temp-allocator-size-preload-manager=33554432"
    "memorysetup-temp-allocator-size-nav-mesh-worker=65536"
    "memorysetup-temp-allocator-size-audio-worker=65536"
    "memorysetup-temp-allocator-size-cloud-worker=32768"
    "memorysetup-temp-allocator-size-gi-baking-worker=262144"
    "memorysetup-temp-allocator-size-gfx=262144"
Refreshing native plugins compatible for Editor in 87.78 ms, found 3 plugins.
Preloading 0 native plugins for Editor in 0.00 ms.
Initialize engine version: 2021.3.3f1 (af2e63e8f9bd)
[Subsystems] Discovering subsystems at path F:/Unity/Unity Editor/2021.3.3f1/Editor/Data/Resources/UnitySubsystems
[Subsystems] Discovering subsystems at path F:/Unity/Tutorials/OOP-Demo/OOP Demo/Assets
GfxDevice: creating device client; threaded=0; jobified=0
Direct3D:
    Version:  Direct3D 11.0 [level 11.1]
    Renderer: NVIDIA GeForce GTX 1060 with Max-Q Design (ID=0x1c20)
    Vendor:   NVIDIA
    VRAM:     6052 MB
    Driver:   30.0.15.1179
Initialize mono
Mono path[0] = 'F:/Unity/Unity Editor/2021.3.3f1/Editor/Data/Managed'
Mono path[1] = 'F:/Unity/Unity Editor/2021.3.3f1/Editor/Data/MonoBleedingEdge/lib/mono/unityjit-win32'
Mono config path = 'F:/Unity/Unity Editor/2021.3.3f1/Editor/Data/MonoBleedingEdge/etc'
Using monoOptions --debugger-agent=transport=dt_socket,embedding=1,server=y,suspend=n,address=127.0.0.1:56972
Begin MonoManager ReloadAssembly
Registering precompiled unity dll's ...
Register platform support module: F:/Unity/Unity Editor/2021.3.3f1/Editor/Data/PlaybackEngines/WebGLSupport/UnityEditor.WebGL.Extensions.dll
Register platform support module: F:/Unity/Unity Editor/2021.3.3f1/Editor/Data/PlaybackEngines/WindowsStandaloneSupport/UnityEditor.WindowsStandalone.Extensions.dll
Registered in 0.003512 seconds.
Native extension for WindowsStandalone target not found
Native extension for WebGL target not found
Refreshing native plugins compatible for Editor in 82.64 ms, found 3 plugins.
Preloading 0 native plugins for Editor in 0.00 ms.
Mono: successfully reloaded assembly
- Completed reload, in  0.647 seconds
Domain Reload Profiling:
	ReloadAssembly (648ms)
		BeginReloadAssembly (72ms)
			ExecutionOrderSort (0ms)
			DisableScriptedObjects (0ms)
			BackupInstance (0ms)
			ReleaseScriptingObjects (0ms)
			CreateAndSetChildDomain (1ms)
		EndReloadAssembly (471ms)
			LoadAssemblies (71ms)
			RebuildTransferFunctionScriptingTraits (0ms)
			SetupTypeCache (106ms)
			ReleaseScriptCaches (0ms)
			RebuildScriptCaches (30ms)
			SetupLoadedEditorAssemblies (289ms)
				LogAssemblyErrors (0ms)
				InitializePlatformSupportModulesInManaged (8ms)
				SetLoadedEditorAssemblies (0ms)
				RefreshPlugins (83ms)
				BeforeProcessingInitializeOnLoad (1ms)
				ProcessInitializeOnLoadAttributes (146ms)
				ProcessInitializeOnLoadMethodAttributes (50ms)
				AfterProcessingInitializeOnLoad (0ms)
				EditorAssembliesLoaded (0ms)
			ExecutionOrderSort2 (0ms)
			AwakeInstancesAfterBackupRestoration (0ms)
Platform modules already initialized, skipping
Registering precompiled user dll's ...
Registered in 0.005129 seconds.
Begin MonoManager ReloadAssembly
Symbol file LoadedFromMemory doesn't match image F:\Unity\Tutorials\OOP-Demo\OOP Demo\Library\PackageCache\com.unity.visualscripting@1.7.6\Editor\VisualScripting.Core\Dependencies\YamlDotNet\Unity.VisualScripting.YamlDotNet.dll
Symbol file LoadedFromMemory doesn't match image F:\Unity\Tutorials\OOP-Demo\OOP Demo\Library\PackageCache\com.unity.visualscripting@1.7.6\Editor\VisualScripting.Core\Dependencies\DotNetZip\Unity.VisualScripting.IonicZip.dll
Native extension for WindowsStandalone target not found
Native extension for WebGL target not found
Refreshing native plugins compatible for Editor in 0.51 ms, found 3 plugins.
Preloading 0 native plugins for Editor in 0.00 ms.
Mono: successfully reloaded assembly
- Completed reload, in  1.046 seconds
Domain Reload Profiling:
	ReloadAssembly (1047ms)
		BeginReloadAssembly (115ms)
			ExecutionOrderSort (0ms)
			DisableScriptedObjects (8ms)
			BackupInstance (0ms)
			ReleaseScriptingObjects (0ms)
			CreateAndSetChildDomain (19ms)
		EndReloadAssembly (808ms)
			LoadAssemblies (80ms)
			RebuildTransferFunctionScriptingTraits (0ms)
			SetupTypeCache (279ms)
			ReleaseScriptCaches (1ms)
			RebuildScriptCaches (49ms)
			SetupLoadedEditorAssemblies (368ms)
				LogAssemblyErrors (0ms)
				InitializePlatformSupportModulesInManaged (6ms)
				SetLoadedEditorAssemblies (0ms)
				RefreshPlugins (1ms)
				BeforeProcessingInitializeOnLoad (83ms)
				ProcessInitializeOnLoadAttributes (248ms)
				ProcessInitializeOnLoadMethodAttributes (27ms)
				AfterProcessingInitializeOnLoad (3ms)
				EditorAssembliesLoaded (0ms)
			ExecutionOrderSort2 (0ms)
			AwakeInstancesAfterBackupRestoration (9ms)
Platform modules already initialized, skipping
========================================================================
Worker process is ready to serve import requests
Launched and connected shader compiler UnityShaderCompiler.exe after 0.07 seconds
Refreshing native plugins compatible for Editor in 0.54 ms, found 3 plugins.
Preloading 0 native plugins for Editor in 0.00 ms.
Unloading 3374 Unused Serialized files (Serialized files now loaded: 0)
Unloading 26 unused Assets / (112.3 KB). Loaded Objects now: 3832.
Memory consumption went from 117.9 MB to 117.8 MB.
Total: 4.215800 ms (FindLiveObjects: 0.278500 ms CreateObjectMapping: 0.279300 ms MarkObjects: 3.537500 ms  DeleteObjects: 0.119300 ms)

AssetImportParameters requested are different than current active one (requested -> active):
  custom:video-decoder-ogg-theora: a1e56fd34408186e4bbccfd4996cb3dc -> 
  custom:container-muxer-webm: aa71ff27fc2769a1b78a27578f13a17b -> 
  custom:container-demuxer-webm: 4f35f7cbe854078d1ac9338744f61a02 -> 
  custom:video-encoder-webm-vp8: eb34c28f22e8b96e1ab97ce403110664 -> 
  custom:video-codec-MediaFoundation-h265: 746d11721c4dcdbdad8f713fa42b33f4 -> 
  custom:audio-encoder-webm-vorbis: bf7c407c2cedff20999df2af8eb42d56 -> 
  custom:framework-win-MediaFoundation: 216162199b28c13a410421893ffa2e32 -> 
  custom:container-demuxer-ogg: 62fdf1f143b41e24485cea50d1cbac27 -> 
  custom:video-decoder-webm-vp8: 9c59270c3fd7afecdb556c50c9e8de78 -> 
  custom:audio-decoder-ogg-vorbis: bf7c407c2cedff20999df2af8eb42d56 -> 
========================================================================
Received Import Request.
  Time since last request: 77837.023311 seconds.
  path: Assets/Scenes/TitleScreen.unity
  artifactKey: Guid(683c7ca54e823364994fe62380d3d430) Importer(815301076,1909f56bfc062723c751e8b465ee728b)
Start importing Assets/Scenes/TitleScreen.unity using Guid(683c7ca54e823364994fe62380d3d430) Importer(815301076,1909f56bfc062723c751e8b465ee728b)  -> (artifact id: '3c35f93b8a6431910afa8629236b4e3e') in 0.006861 seconds 
========================================================================
Received Import Request.
  Time since last request: 19.673209 seconds.
  path: Assets/Scenes/Main.unity
  artifactKey: Guid(36ae2cd13393c4f40bcdfbfc23bcb928) Importer(815301076,1909f56bfc062723c751e8b465ee728b)
Start importing Assets/Scenes/Main.unity using Guid(36ae2cd13393c4f40bcdfbfc23bcb928) Importer(815301076,1909f56bfc062723c751e8b465ee728b)  -> (artifact id: 'e9939f5fe676c7a58f0629e3c5858217') in 0.004665 seconds 
========================================================================
Received Import Request.
  Time since last request: 32.128263 seconds.
  path: Assets
  artifactKey: Guid(00000000000000001000000000000000) Importer(815301076,1909f56bfc062723c751e8b465ee728b)
Start importing Assets using Guid(00000000000000001000000000000000) Importer(815301076,1909f56bfc062723c751e8b465ee728b)  -> (artifact id: '79842766b460edbeab6a34051e857a80') in 0.008157 seconds 
========================================================================
Received Import Request.
  Time since last request: 6.305665 seconds.
  path: Assets/Materials
  artifactKey: Guid(29016b1cde3ac57488239605bcfa08a9) Importer(815301076,1909f56bfc062723c751e8b465ee728b)
Start importing Assets/Materials using Guid(29016b1cde3ac57488239605bcfa08a9) Importer(815301076,1909f56bfc062723c751e8b465ee728b)  -> (artifact id: '88c7ce614b330682f5f2e11dd7628806') in 0.008338 seconds 
========================================================================
Received Import Request.
  Time since last request: 9.247201 seconds.
  path: Assets/Materials/New Material.mat
  artifactKey: Guid(71a578afc3d69d141af79cd0ece21360) Importer(815301076,1909f56bfc062723c751e8b465ee728b)
Start importing Assets/Materials/New Material.mat using Guid(71a578afc3d69d141af79cd0ece21360) Importer(815301076,1909f56bfc062723c751e8b465ee728b)  -> (artifact id: '51b60c0515e63bb8e90dddb6e592566d') in 0.413047 seconds 
========================================================================
Received Import Request.
  Time since last request: 63.259297 seconds.
  path: Assets/Materials/New Material.mat
  artifactKey: Guid(71a578afc3d69d141af79cd0ece21360) Importer(815301076,1909f56bfc062723c751e8b465ee728b)
Start importing Assets/Materials/New Material.mat using Guid(71a578afc3d69d141af79cd0ece21360) Importer(815301076,1909f56bfc062723c751e8b465ee728b)  -> (artifact id: 'f67430c2dee998e8204ec201dbec1bab') in 0.017017 seconds 
========================================================================
Received Import Request.
  Time since last request: 16.505172 seconds.
  path: Assets/Alstra Infinite/Vehicles LowPoly/Prefabs/Version 1.1/Ambulance-Truck.prefab
  artifactKey: Guid(37c436dd7b866664e90d19669a51fdc0) Importer(815301076,1909f56bfc062723c751e8b465ee728b)
Start importing Assets/Alstra Infinite/Vehicles LowPoly/Prefabs/Version 1.1/Ambulance-Truck.prefab using Guid(37c436dd7b866664e90d19669a51fdc0) Importer(815301076,1909f56bfc062723c751e8b465ee728b)  -> (artifact id: '0387b805436c2056f84add75fbfe3772') in 0.037565 seconds 
========================================================================
Received Import Request.
  Time since last request: 0.000027 seconds.
  path: Assets/Alstra Infinite/Vehicles LowPoly/Prefabs/Version 1.1/Post-Truck.prefab
  artifactKey: Guid(7b92377a44f0d9243959d01a2687b36b) Importer(815301076,1909f56bfc062723c751e8b465ee728b)
Start importing Assets/Alstra Infinite/Vehicles LowPoly/Prefabs/Version 1.1/Post-Truck.prefab using Guid(7b92377a44f0d9243959d01a2687b36b) Importer(815301076,1909f56bfc062723c751e8b465ee728b)  -> (artifact id: 'f0b1244e338d5e1517b0df8d30e3a981') in 0.017490 seconds 
========================================================================
Received Import Request.
  Time since last request: 0.000020 seconds.
  path: Assets/Alstra Infinite/Vehicles LowPoly/Prefabs/Version 1.1/SwiftoV2.prefab
  artifactKey: Guid(fd82dfe3ac830874e8de29b73e27ca53) Importer(815301076,1909f56bfc062723c751e8b465ee728b)
Start importing Assets/Alstra Infinite/Vehicles LowPoly/Prefabs/Version 1.1/SwiftoV2.prefab using Guid(fd82dfe3ac830874e8de29b73e27ca53) Importer(815301076,1909f56bfc062723c751e8b465ee728b)  -> (artifact id: 'c206b203093f8e33fe2f0f2185a24cc3') in 0.017667 seconds 
========================================================================
Received Import Request.
  Time since last request: 0.000025 seconds.
  path: Assets/Alstra Infinite/Vehicles LowPoly/Prefabs/Version 1.1/IceCream-Truck.prefab
  artifactKey: Guid(44cfb038444ccab46b1be84520896723) Importer(815301076,1909f56bfc062723c751e8b465ee728b)
Start importing Assets/Alstra Infinite/Vehicles LowPoly/Prefabs/Version 1.1/IceCream-Truck.prefab using Guid(44cfb038444ccab46b1be84520896723) Importer(815301076,1909f56bfc062723c751e8b465ee728b)  -> (artifact id: 'b9843d13cdbc101225c2c08ecb7e8514') in 0.015809 seconds 
========================================================================
Received Import Request.
  Time since last request: 0.000024 seconds.
  path: Assets/Alstra Infinite/Vehicles LowPoly/Prefabs/Version 1.1/PickupV1.prefab
  artifactKey: Guid(075830188e830aa48a04e027148bafe9) Importer(815301076,1909f56bfc062723c751e8b465ee728b)
Start importing Assets/Alstra Infinite/Vehicles LowPoly/Prefabs/Version 1.1/PickupV1.prefab using Guid(075830188e830aa48a04e027148bafe9) Importer(815301076,1909f56bfc062723c751e8b465ee728b)  -> (artifact id: 'dd77608b7d4544a9fc1ab2497c48cd24') in 0.015333 seconds 
========================================================================
Received Import Request.
  Time since last request: 0.000024 seconds.
  path: Assets/Alstra Infinite/Vehicles LowPoly/Prefabs/Version 1.1/MinivanV1.prefab
  artifactKey: Guid(c8bdb63b6e1abbb44b66f46012db2421) Importer(815301076,1909f56bfc062723c751e8b465ee728b)
Start importing Assets/Alstra Infinite/Vehicles LowPoly/Prefabs/Version 1.1/MinivanV1.prefab using Guid(c8bdb63b6e1abbb44b66f46012db2421) Importer(815301076,1909f56bfc062723c751e8b465ee728b)  -> (artifact id: '98b6e6338ee3c808e49d76b5544313dd') in 0.018311 seconds 
========================================================================
Received Import Request.
  Time since last request: 0.000029 seconds.
  path: Assets/Alstra Infinite/Vehicles LowPoly/Prefabs/Version 1.1/SuvV1.prefab
  artifactKey: Guid(825aa5a53c5f967449d03cb21b435c53) Importer(815301076,1909f56bfc062723c751e8b465ee728b)
Start importing Assets/Alstra Infinite/Vehicles LowPoly/Prefabs/Version 1.1/SuvV1.prefab using Guid(825aa5a53c5f967449d03cb21b435c53) Importer(815301076,1909f56bfc062723c751e8b465ee728b)  -> (artifact id: '9513fce91bf88ea570be938b66dc749c') in 0.019197 seconds 
========================================================================
Received Import Request.
  Time since last request: 0.000053 seconds.
  path: Assets/Alstra Infinite/Vehicles LowPoly/Prefabs/Version 1.1/MuscleCarV4.prefab
  artifactKey: Guid(d1e9cd7841878ba4da8f592925f138dd) Importer(815301076,1909f56bfc062723c751e8b465ee728b)
Start importing Assets/Alstra Infinite/Vehicles LowPoly/Prefabs/Version 1.1/MuscleCarV4.prefab using Guid(d1e9cd7841878ba4da8f592925f138dd) Importer(815301076,1909f56bfc062723c751e8b465ee728b)  -> (artifact id: 'a13961bcd0599847329f046e3636b7d5') in 0.015095 seconds 
========================================================================
Received Import Request.
  Time since last request: 0.000023 seconds.
  path: Assets/Alstra Infinite/Vehicles LowPoly/Prefabs/Version 1.1/MuscleCarV2.prefab
  artifactKey: Guid(416f4470def63b149ab58618fda592cf) Importer(815301076,1909f56bfc062723c751e8b465ee728b)
Start importing Assets/Alstra Infinite/Vehicles LowPoly/Prefabs/Version 1.1/MuscleCarV2.prefab using Guid(416f4470def63b149ab58618fda592cf) Importer(815301076,1909f56bfc062723c751e8b465ee728b)  -> (artifact id: '7932462d4c9bba1fa09f08d659831f23') in 0.017243 seconds 
========================================================================
Received Import Request.
  Time since last request: 0.000031 seconds.
  path: Assets/Alstra Infinite/Vehicles LowPoly/Prefabs/Version 1.1/MinivanV2.prefab
  artifactKey: Guid(2374bd9f1dd3c204a8edcf1c4a55f22b) Importer(815301076,1909f56bfc062723c751e8b465ee728b)
Start importing Assets/Alstra Infinite/Vehicles LowPoly/Prefabs/Version 1.1/MinivanV2.prefab using Guid(2374bd9f1dd3c204a8edcf1c4a55f22b) Importer(815301076,1909f56bfc062723c751e8b465ee728b)  -> (artifact id: '997e742af4348ee8022043a6da005094') in 0.013683 seconds 
========================================================================
Received Import Request.
  Time since last request: 0.000028 seconds.
  path: Assets/Alstra Infinite/Vehicles LowPoly/Prefabs/Version 1.1/PickupV2.prefab
  artifactKey: Guid(4f13381abf38ac84e8d816732f52e915) Importer(815301076,1909f56bfc062723c751e8b465ee728b)
Start importing Assets/Alstra Infinite/Vehicles LowPoly/Prefabs/Version 1.1/PickupV2.prefab using Guid(4f13381abf38ac84e8d816732f52e915) Importer(815301076,1909f56bfc062723c751e8b465ee728b)  -> (artifact id: '33b3626c7ea4054afd6464ddb7b80370') in 0.013582 seconds 
========================================================================
Received Import Request.
  Time since last request: 0.000024 seconds.
  path: Assets/Alstra Infinite/Vehicles LowPoly/Prefabs/Version 1.1/MuscleCarV3.prefab
  artifactKey: Guid(a2ae1699499bc2a4d8ccc4859fe14ffa) Importer(815301076,1909f56bfc062723c751e8b465ee728b)
Start importing Assets/Alstra Infinite/Vehicles LowPoly/Prefabs/Version 1.1/MuscleCarV3.prefab using Guid(a2ae1699499bc2a4d8ccc4859fe14ffa) Importer(815301076,1909f56bfc062723c751e8b465ee728b)  -> (artifact id: '420c25308d306fa0266f723e29042ef5') in 0.015706 seconds 
========================================================================
Received Import Request.
  Time since last request: 0.000029 seconds.
  path: Assets/Alstra Infinite/Vehicles LowPoly/Prefabs/Version 1.1/SwiftoV1.prefab
  artifactKey: Guid(1ad581c9347dbad4ba135f27bfffcdd1) Importer(815301076,1909f56bfc062723c751e8b465ee728b)
Start importing Assets/Alstra Infinite/Vehicles LowPoly/Prefabs/Version 1.1/SwiftoV1.prefab using Guid(1ad581c9347dbad4ba135f27bfffcdd1) Importer(815301076,1909f56bfc062723c751e8b465ee728b)  -> (artifact id: '29df80a0ac3642d16cc9fa5a4b1646ae') in 0.015587 seconds 
========================================================================
Received Import Request.
  Time since last request: 0.000027 seconds.
  path: Assets/Alstra Infinite/Vehicles LowPoly/Prefabs/Version 1.1/MuscleCarV1.prefab
  artifactKey: Guid(ce4b4514e6a21384fb21dec6365d5812) Importer(815301076,1909f56bfc062723c751e8b465ee728b)
Start importing Assets/Alstra Infinite/Vehicles LowPoly/Prefabs/Version 1.1/MuscleCarV1.prefab using Guid(ce4b4514e6a21384fb21dec6365d5812) Importer(815301076,1909f56bfc062723c751e8b465ee728b)  -> (artifact id: 'db0564f63dfa84254faad69be032a7e7') in 0.019886 seconds 
Editor requested this worker to shutdown with reason: Scaling down because of idle timeout
AssetImportWorker is now disconnected from the server
Process exiting
Exiting without the bug reporter. Application will terminate with return code 0